<?xml version="1.0" encoding="UTF-8"?>
<testsuite xmlns:xsi="http://www.w3.org/2001/XMLSchema-instance" xsi:noNamespaceSchemaLocation="https://maven.apache.org/surefire/maven-surefire-plugin/xsd/surefire-test-report.xsd" name="com.morris.ogflakes.OgflakesApplicationTests" time="4.414" tests="1" errors="0" skipped="0" failures="0">
  <properties>
    <property name="java.specification.version" value="14"/>
    <property name="sun.jnu.encoding" value="UTF-8"/>
    <property name="java.class.path" value="/home/tuvok/ogflakes/target/test-classes:/home/tuvok/ogflakes/target/classes:/home/tuvok/.m2/repository/org/springframework/boot/spring-boot-starter-data-mongodb/2.6.3/spring-boot-starter-data-mongodb-2.6.3.jar:/home/tuvok/.m2/repository/org/springframework/boot/spring-boot-starter/2.6.3/spring-boot-starter-2.6.3.jar:/home/tuvok/.m2/repository/org/springframework/boot/spring-boot/2.6.3/spring-boot-2.6.3.jar:/home/tuvok/.m2/repository/org/springframework/boot/spring-boot-autoconfigure/2.6.3/spring-boot-autoconfigure-2.6.3.jar:/home/tuvok/.m2/repository/org/springframework/boot/spring-boot-starter-logging/2.6.3/spring-boot-starter-logging-2.6.3.jar:/home/tuvok/.m2/repository/ch/qos/logback/logback-classic/1.2.10/logback-classic-1.2.10.jar:/home/tuvok/.m2/repository/ch/qos/logback/logback-core/1.2.10/logback-core-1.2.10.jar:/home/tuvok/.m2/repository/org/apache/logging/log4j/log4j-to-slf4j/2.17.1/log4j-to-slf4j-2.17.1.jar:/home/tuvok/.m2/repository/org/apache/logging/log4j/log4j-api/2.17.1/log4j-api-2.17.1.jar:/home/tuvok/.m2/repository/org/slf4j/jul-to-slf4j/1.7.33/jul-to-slf4j-1.7.33.jar:/home/tuvok/.m2/repository/jakarta/annotation/jakarta.annotation-api/1.3.5/jakarta.annotation-api-1.3.5.jar:/home/tuvok/.m2/repository/org/yaml/snakeyaml/1.29/snakeyaml-1.29.jar:/home/tuvok/.m2/repository/org/mongodb/mongodb-driver-sync/4.4.1/mongodb-driver-sync-4.4.1.jar:/home/tuvok/.m2/repository/org/mongodb/bson/4.4.1/bson-4.4.1.jar:/home/tuvok/.m2/repository/org/mongodb/mongodb-driver-core/4.4.1/mongodb-driver-core-4.4.1.jar:/home/tuvok/.m2/repository/org/springframework/data/spring-data-mongodb/3.3.1/spring-data-mongodb-3.3.1.jar:/home/tuvok/.m2/repository/org/springframework/spring-tx/5.3.15/spring-tx-5.3.15.jar:/home/tuvok/.m2/repository/org/springframework/spring-context/5.3.15/spring-context-5.3.15.jar:/home/tuvok/.m2/repository/org/springframework/spring-beans/5.3.15/spring-beans-5.3.15.jar:/home/tuvok/.m2/repository/org/springframework/spring-expression/5.3.15/spring-expression-5.3.15.jar:/home/tuvok/.m2/repository/org/springframework/data/spring-data-commons/2.6.1/spring-data-commons-2.6.1.jar:/home/tuvok/.m2/repository/org/slf4j/slf4j-api/1.7.33/slf4j-api-1.7.33.jar:/home/tuvok/.m2/repository/javax/activation/javax.activation-api/1.2.0/javax.activation-api-1.2.0.jar:/home/tuvok/.m2/repository/org/springframework/cloud/spring-cloud-aws-messaging/2.2.6.RELEASE/spring-cloud-aws-messaging-2.2.6.RELEASE.jar:/home/tuvok/.m2/repository/org/springframework/cloud/spring-cloud-aws-context/2.2.6.RELEASE/spring-cloud-aws-context-2.2.6.RELEASE.jar:/home/tuvok/.m2/repository/org/springframework/cloud/spring-cloud-aws-core/2.2.6.RELEASE/spring-cloud-aws-core-2.2.6.RELEASE.jar:/home/tuvok/.m2/repository/com/amazonaws/aws-java-sdk-s3/1.11.792/aws-java-sdk-s3-1.11.792.jar:/home/tuvok/.m2/repository/com/amazonaws/aws-java-sdk-kms/1.11.792/aws-java-sdk-kms-1.11.792.jar:/home/tuvok/.m2/repository/com/amazonaws/aws-java-sdk-ec2/1.11.792/aws-java-sdk-ec2-1.11.792.jar:/home/tuvok/.m2/repository/com/amazonaws/aws-java-sdk-cloudformation/1.11.792/aws-java-sdk-cloudformation-1.11.792.jar:/home/tuvok/.m2/repository/com/amazonaws/aws-java-sdk-sns/1.11.792/aws-java-sdk-sns-1.11.792.jar:/home/tuvok/.m2/repository/com/amazonaws/aws-java-sdk-core/1.11.792/aws-java-sdk-core-1.11.792.jar:/home/tuvok/.m2/repository/commons-logging/commons-logging/1.1.3/commons-logging-1.1.3.jar:/home/tuvok/.m2/repository/org/apache/httpcomponents/httpclient/4.5.13/httpclient-4.5.13.jar:/home/tuvok/.m2/repository/org/apache/httpcomponents/httpcore/4.4.15/httpcore-4.4.15.jar:/home/tuvok/.m2/repository/commons-codec/commons-codec/1.15/commons-codec-1.15.jar:/home/tuvok/.m2/repository/software/amazon/ion/ion-java/1.0.2/ion-java-1.0.2.jar:/home/tuvok/.m2/repository/com/fasterxml/jackson/dataformat/jackson-dataformat-cbor/2.13.1/jackson-dataformat-cbor-2.13.1.jar:/home/tuvok/.m2/repository/joda-time/joda-time/2.8.1/joda-time-2.8.1.jar:/home/tuvok/.m2/repository/com/amazonaws/jmespath-java/1.11.792/jmespath-java-1.11.792.jar:/home/tuvok/.m2/repository/com/amazonaws/aws-java-sdk-sqs/1.11.792/aws-java-sdk-sqs-1.11.792.jar:/home/tuvok/.m2/repository/org/springframework/spring-messaging/5.3.15/spring-messaging-5.3.15.jar:/home/tuvok/.m2/repository/org/springframework/boot/spring-boot-starter-data-rest/2.6.3/spring-boot-starter-data-rest-2.6.3.jar:/home/tuvok/.m2/repository/org/springframework/data/spring-data-rest-webmvc/3.6.1/spring-data-rest-webmvc-3.6.1.jar:/home/tuvok/.m2/repository/org/springframework/data/spring-data-rest-core/3.6.1/spring-data-rest-core-3.6.1.jar:/home/tuvok/.m2/repository/org/springframework/hateoas/spring-hateoas/1.4.1/spring-hateoas-1.4.1.jar:/home/tuvok/.m2/repository/org/springframework/plugin/spring-plugin-core/2.0.0.RELEASE/spring-plugin-core-2.0.0.RELEASE.jar:/home/tuvok/.m2/repository/org/atteo/evo-inflector/1.3/evo-inflector-1.3.jar:/home/tuvok/.m2/repository/com/fasterxml/jackson/core/jackson-databind/2.13.1/jackson-databind-2.13.1.jar:/home/tuvok/.m2/repository/com/fasterxml/jackson/core/jackson-core/2.13.1/jackson-core-2.13.1.jar:/home/tuvok/.m2/repository/com/fasterxml/jackson/core/jackson-annotations/2.13.1/jackson-annotations-2.13.1.jar:/home/tuvok/.m2/repository/org/springframework/boot/spring-boot-starter-thymeleaf/2.6.3/spring-boot-starter-thymeleaf-2.6.3.jar:/home/tuvok/.m2/repository/org/thymeleaf/thymeleaf-spring5/3.0.14.RELEASE/thymeleaf-spring5-3.0.14.RELEASE.jar:/home/tuvok/.m2/repository/org/thymeleaf/thymeleaf/3.0.14.RELEASE/thymeleaf-3.0.14.RELEASE.jar:/home/tuvok/.m2/repository/org/attoparser/attoparser/2.0.5.RELEASE/attoparser-2.0.5.RELEASE.jar:/home/tuvok/.m2/repository/org/unbescape/unbescape/1.1.6.RELEASE/unbescape-1.1.6.RELEASE.jar:/home/tuvok/.m2/repository/org/thymeleaf/extras/thymeleaf-extras-java8time/3.0.4.RELEASE/thymeleaf-extras-java8time-3.0.4.RELEASE.jar:/home/tuvok/.m2/repository/org/springframework/boot/spring-boot-starter-web/2.6.3/spring-boot-starter-web-2.6.3.jar:/home/tuvok/.m2/repository/org/springframework/boot/spring-boot-starter-json/2.6.3/spring-boot-starter-json-2.6.3.jar:/home/tuvok/.m2/repository/com/fasterxml/jackson/datatype/jackson-datatype-jdk8/2.13.1/jackson-datatype-jdk8-2.13.1.jar:/home/tuvok/.m2/repository/com/fasterxml/jackson/datatype/jackson-datatype-jsr310/2.13.1/jackson-datatype-jsr310-2.13.1.jar:/home/tuvok/.m2/repository/com/fasterxml/jackson/module/jackson-module-parameter-names/2.13.1/jackson-module-parameter-names-2.13.1.jar:/home/tuvok/.m2/repository/org/springframework/boot/spring-boot-starter-tomcat/2.6.3/spring-boot-starter-tomcat-2.6.3.jar:/home/tuvok/.m2/repository/org/apache/tomcat/embed/tomcat-embed-core/9.0.56/tomcat-embed-core-9.0.56.jar:/home/tuvok/.m2/repository/org/apache/tomcat/embed/tomcat-embed-el/9.0.56/tomcat-embed-el-9.0.56.jar:/home/tuvok/.m2/repository/org/apache/tomcat/embed/tomcat-embed-websocket/9.0.56/tomcat-embed-websocket-9.0.56.jar:/home/tuvok/.m2/repository/org/springframework/spring-web/5.3.15/spring-web-5.3.15.jar:/home/tuvok/.m2/repository/org/springframework/spring-webmvc/5.3.15/spring-webmvc-5.3.15.jar:/home/tuvok/.m2/repository/org/springframework/boot/spring-boot-starter-test/2.6.3/spring-boot-starter-test-2.6.3.jar:/home/tuvok/.m2/repository/org/springframework/boot/spring-boot-test/2.6.3/spring-boot-test-2.6.3.jar:/home/tuvok/.m2/repository/org/springframework/boot/spring-boot-test-autoconfigure/2.6.3/spring-boot-test-autoconfigure-2.6.3.jar:/home/tuvok/.m2/repository/com/jayway/jsonpath/json-path/2.6.0/json-path-2.6.0.jar:/home/tuvok/.m2/repository/net/minidev/json-smart/2.4.7/json-smart-2.4.7.jar:/home/tuvok/.m2/repository/net/minidev/accessors-smart/2.4.7/accessors-smart-2.4.7.jar:/home/tuvok/.m2/repository/org/ow2/asm/asm/9.1/asm-9.1.jar:/home/tuvok/.m2/repository/jakarta/xml/bind/jakarta.xml.bind-api/2.3.3/jakarta.xml.bind-api-2.3.3.jar:/home/tuvok/.m2/repository/jakarta/activation/jakarta.activation-api/1.2.2/jakarta.activation-api-1.2.2.jar:/home/tuvok/.m2/repository/org/assertj/assertj-core/3.21.0/assertj-core-3.21.0.jar:/home/tuvok/.m2/repository/org/hamcrest/hamcrest/2.2/hamcrest-2.2.jar:/home/tuvok/.m2/repository/org/junit/jupiter/junit-jupiter/5.8.2/junit-jupiter-5.8.2.jar:/home/tuvok/.m2/repository/org/junit/jupiter/junit-jupiter-api/5.8.2/junit-jupiter-api-5.8.2.jar:/home/tuvok/.m2/repository/org/opentest4j/opentest4j/1.2.0/opentest4j-1.2.0.jar:/home/tuvok/.m2/repository/org/junit/platform/junit-platform-commons/1.8.2/junit-platform-commons-1.8.2.jar:/home/tuvok/.m2/repository/org/apiguardian/apiguardian-api/1.1.2/apiguardian-api-1.1.2.jar:/home/tuvok/.m2/repository/org/junit/jupiter/junit-jupiter-params/5.8.2/junit-jupiter-params-5.8.2.jar:/home/tuvok/.m2/repository/org/junit/jupiter/junit-jupiter-engine/5.8.2/junit-jupiter-engine-5.8.2.jar:/home/tuvok/.m2/repository/org/junit/platform/junit-platform-engine/1.8.2/junit-platform-engine-1.8.2.jar:/home/tuvok/.m2/repository/org/mockito/mockito-core/4.0.0/mockito-core-4.0.0.jar:/home/tuvok/.m2/repository/net/bytebuddy/byte-buddy/1.11.22/byte-buddy-1.11.22.jar:/home/tuvok/.m2/repository/net/bytebuddy/byte-buddy-agent/1.11.22/byte-buddy-agent-1.11.22.jar:/home/tuvok/.m2/repository/org/objenesis/objenesis/3.2/objenesis-3.2.jar:/home/tuvok/.m2/repository/org/mockito/mockito-junit-jupiter/4.0.0/mockito-junit-jupiter-4.0.0.jar:/home/tuvok/.m2/repository/org/skyscreamer/jsonassert/1.5.0/jsonassert-1.5.0.jar:/home/tuvok/.m2/repository/com/vaadin/external/google/android-json/0.0.20131108.vaadin1/android-json-0.0.20131108.vaadin1.jar:/home/tuvok/.m2/repository/org/springframework/spring-core/5.3.15/spring-core-5.3.15.jar:/home/tuvok/.m2/repository/org/springframework/spring-jcl/5.3.15/spring-jcl-5.3.15.jar:/home/tuvok/.m2/repository/org/springframework/spring-test/5.3.15/spring-test-5.3.15.jar:/home/tuvok/.m2/repository/org/xmlunit/xmlunit-core/2.8.4/xmlunit-core-2.8.4.jar:/home/tuvok/.m2/repository/org/springframework/boot/spring-boot-starter-security/2.6.3/spring-boot-starter-security-2.6.3.jar:/home/tuvok/.m2/repository/org/springframework/spring-aop/5.3.15/spring-aop-5.3.15.jar:/home/tuvok/.m2/repository/org/springframework/security/spring-security-config/5.6.1/spring-security-config-5.6.1.jar:/home/tuvok/.m2/repository/org/springframework/security/spring-security-web/5.6.1/spring-security-web-5.6.1.jar:/home/tuvok/.m2/repository/org/springframework/security/spring-security-test/5.6.1/spring-security-test-5.6.1.jar:/home/tuvok/.m2/repository/org/springframework/security/spring-security-core/5.6.1/spring-security-core-5.6.1.jar:/home/tuvok/.m2/repository/org/springframework/security/spring-security-crypto/5.6.1/spring-security-crypto-5.6.1.jar:/home/tuvok/.m2/repository/org/apache/commons/commons-lang3/3.12.0/commons-lang3-3.12.0.jar:/home/tuvok/.m2/repository/org/apache/commons/commons-collections4/4.4/commons-collections4-4.4.jar:"/>
    <property name="java.vm.vendor" value="Oracle Corporation"/>
    <property name="sun.arch.data.model" value="64"/>
    <property name="java.vendor.url" value="https://java.oracle.com/"/>
    <property name="os.name" value="Linux"/>
    <property name="java.vm.specification.version" value="14"/>
    <property name="sun.java.launcher" value="SUN_STANDARD"/>
    <property name="user.country" value="US"/>
    <property name="sun.boot.library.path" value="/usr/lib/jvm/java-14-oracle/lib"/>
    <property name="sun.java.command" value="/home/tuvok/ogflakes/target/surefire/surefirebooter276555412134978647.jar /home/tuvok/ogflakes/target/surefire 2022-02-04T20-05-59_718-jvmRun1 surefire2925454592267172958tmp surefire_02276204360071003423tmp"/>
    <property name="jdk.debug" value="release"/>
    <property name="surefire.test.class.path" value="/home/tuvok/ogflakes/target/test-classes:/home/tuvok/ogflakes/target/classes:/home/tuvok/.m2/repository/org/springframework/boot/spring-boot-starter-data-mongodb/2.6.3/spring-boot-starter-data-mongodb-2.6.3.jar:/home/tuvok/.m2/repository/org/springframework/boot/spring-boot-starter/2.6.3/spring-boot-starter-2.6.3.jar:/home/tuvok/.m2/repository/org/springframework/boot/spring-boot/2.6.3/spring-boot-2.6.3.jar:/home/tuvok/.m2/repository/org/springframework/boot/spring-boot-autoconfigure/2.6.3/spring-boot-autoconfigure-2.6.3.jar:/home/tuvok/.m2/repository/org/springframework/boot/spring-boot-starter-logging/2.6.3/spring-boot-starter-logging-2.6.3.jar:/home/tuvok/.m2/repository/ch/qos/logback/logback-classic/1.2.10/logback-classic-1.2.10.jar:/home/tuvok/.m2/repository/ch/qos/logback/logback-core/1.2.10/logback-core-1.2.10.jar:/home/tuvok/.m2/repository/org/apache/logging/log4j/log4j-to-slf4j/2.17.1/log4j-to-slf4j-2.17.1.jar:/home/tuvok/.m2/repository/org/apache/logging/log4j/log4j-api/2.17.1/log4j-api-2.17.1.jar:/home/tuvok/.m2/repository/org/slf4j/jul-to-slf4j/1.7.33/jul-to-slf4j-1.7.33.jar:/home/tuvok/.m2/repository/jakarta/annotation/jakarta.annotation-api/1.3.5/jakarta.annotation-api-1.3.5.jar:/home/tuvok/.m2/repository/org/yaml/snakeyaml/1.29/snakeyaml-1.29.jar:/home/tuvok/.m2/repository/org/mongodb/mongodb-driver-sync/4.4.1/mongodb-driver-sync-4.4.1.jar:/home/tuvok/.m2/repository/org/mongodb/bson/4.4.1/bson-4.4.1.jar:/home/tuvok/.m2/repository/org/mongodb/mongodb-driver-core/4.4.1/mongodb-driver-core-4.4.1.jar:/home/tuvok/.m2/repository/org/springframework/data/spring-data-mongodb/3.3.1/spring-data-mongodb-3.3.1.jar:/home/tuvok/.m2/repository/org/springframework/spring-tx/5.3.15/spring-tx-5.3.15.jar:/home/tuvok/.m2/repository/org/springframework/spring-context/5.3.15/spring-context-5.3.15.jar:/home/tuvok/.m2/repository/org/springframework/spring-beans/5.3.15/spring-beans-5.3.15.jar:/home/tuvok/.m2/repository/org/springframework/spring-expression/5.3.15/spring-expression-5.3.15.jar:/home/tuvok/.m2/repository/org/springframework/data/spring-data-commons/2.6.1/spring-data-commons-2.6.1.jar:/home/tuvok/.m2/repository/org/slf4j/slf4j-api/1.7.33/slf4j-api-1.7.33.jar:/home/tuvok/.m2/repository/javax/activation/javax.activation-api/1.2.0/javax.activation-api-1.2.0.jar:/home/tuvok/.m2/repository/org/springframework/cloud/spring-cloud-aws-messaging/2.2.6.RELEASE/spring-cloud-aws-messaging-2.2.6.RELEASE.jar:/home/tuvok/.m2/repository/org/springframework/cloud/spring-cloud-aws-context/2.2.6.RELEASE/spring-cloud-aws-context-2.2.6.RELEASE.jar:/home/tuvok/.m2/repository/org/springframework/cloud/spring-cloud-aws-core/2.2.6.RELEASE/spring-cloud-aws-core-2.2.6.RELEASE.jar:/home/tuvok/.m2/repository/com/amazonaws/aws-java-sdk-s3/1.11.792/aws-java-sdk-s3-1.11.792.jar:/home/tuvok/.m2/repository/com/amazonaws/aws-java-sdk-kms/1.11.792/aws-java-sdk-kms-1.11.792.jar:/home/tuvok/.m2/repository/com/amazonaws/aws-java-sdk-ec2/1.11.792/aws-java-sdk-ec2-1.11.792.jar:/home/tuvok/.m2/repository/com/amazonaws/aws-java-sdk-cloudformation/1.11.792/aws-java-sdk-cloudformation-1.11.792.jar:/home/tuvok/.m2/repository/com/amazonaws/aws-java-sdk-sns/1.11.792/aws-java-sdk-sns-1.11.792.jar:/home/tuvok/.m2/repository/com/amazonaws/aws-java-sdk-core/1.11.792/aws-java-sdk-core-1.11.792.jar:/home/tuvok/.m2/repository/commons-logging/commons-logging/1.1.3/commons-logging-1.1.3.jar:/home/tuvok/.m2/repository/org/apache/httpcomponents/httpclient/4.5.13/httpclient-4.5.13.jar:/home/tuvok/.m2/repository/org/apache/httpcomponents/httpcore/4.4.15/httpcore-4.4.15.jar:/home/tuvok/.m2/repository/commons-codec/commons-codec/1.15/commons-codec-1.15.jar:/home/tuvok/.m2/repository/software/amazon/ion/ion-java/1.0.2/ion-java-1.0.2.jar:/home/tuvok/.m2/repository/com/fasterxml/jackson/dataformat/jackson-dataformat-cbor/2.13.1/jackson-dataformat-cbor-2.13.1.jar:/home/tuvok/.m2/repository/joda-time/joda-time/2.8.1/joda-time-2.8.1.jar:/home/tuvok/.m2/repository/com/amazonaws/jmespath-java/1.11.792/jmespath-java-1.11.792.jar:/home/tuvok/.m2/repository/com/amazonaws/aws-java-sdk-sqs/1.11.792/aws-java-sdk-sqs-1.11.792.jar:/home/tuvok/.m2/repository/org/springframework/spring-messaging/5.3.15/spring-messaging-5.3.15.jar:/home/tuvok/.m2/repository/org/springframework/boot/spring-boot-starter-data-rest/2.6.3/spring-boot-starter-data-rest-2.6.3.jar:/home/tuvok/.m2/repository/org/springframework/data/spring-data-rest-webmvc/3.6.1/spring-data-rest-webmvc-3.6.1.jar:/home/tuvok/.m2/repository/org/springframework/data/spring-data-rest-core/3.6.1/spring-data-rest-core-3.6.1.jar:/home/tuvok/.m2/repository/org/springframework/hateoas/spring-hateoas/1.4.1/spring-hateoas-1.4.1.jar:/home/tuvok/.m2/repository/org/springframework/plugin/spring-plugin-core/2.0.0.RELEASE/spring-plugin-core-2.0.0.RELEASE.jar:/home/tuvok/.m2/repository/org/atteo/evo-inflector/1.3/evo-inflector-1.3.jar:/home/tuvok/.m2/repository/com/fasterxml/jackson/core/jackson-databind/2.13.1/jackson-databind-2.13.1.jar:/home/tuvok/.m2/repository/com/fasterxml/jackson/core/jackson-core/2.13.1/jackson-core-2.13.1.jar:/home/tuvok/.m2/repository/com/fasterxml/jackson/core/jackson-annotations/2.13.1/jackson-annotations-2.13.1.jar:/home/tuvok/.m2/repository/org/springframework/boot/spring-boot-starter-thymeleaf/2.6.3/spring-boot-starter-thymeleaf-2.6.3.jar:/home/tuvok/.m2/repository/org/thymeleaf/thymeleaf-spring5/3.0.14.RELEASE/thymeleaf-spring5-3.0.14.RELEASE.jar:/home/tuvok/.m2/repository/org/thymeleaf/thymeleaf/3.0.14.RELEASE/thymeleaf-3.0.14.RELEASE.jar:/home/tuvok/.m2/repository/org/attoparser/attoparser/2.0.5.RELEASE/attoparser-2.0.5.RELEASE.jar:/home/tuvok/.m2/repository/org/unbescape/unbescape/1.1.6.RELEASE/unbescape-1.1.6.RELEASE.jar:/home/tuvok/.m2/repository/org/thymeleaf/extras/thymeleaf-extras-java8time/3.0.4.RELEASE/thymeleaf-extras-java8time-3.0.4.RELEASE.jar:/home/tuvok/.m2/repository/org/springframework/boot/spring-boot-starter-web/2.6.3/spring-boot-starter-web-2.6.3.jar:/home/tuvok/.m2/repository/org/springframework/boot/spring-boot-starter-json/2.6.3/spring-boot-starter-json-2.6.3.jar:/home/tuvok/.m2/repository/com/fasterxml/jackson/datatype/jackson-datatype-jdk8/2.13.1/jackson-datatype-jdk8-2.13.1.jar:/home/tuvok/.m2/repository/com/fasterxml/jackson/datatype/jackson-datatype-jsr310/2.13.1/jackson-datatype-jsr310-2.13.1.jar:/home/tuvok/.m2/repository/com/fasterxml/jackson/module/jackson-module-parameter-names/2.13.1/jackson-module-parameter-names-2.13.1.jar:/home/tuvok/.m2/repository/org/springframework/boot/spring-boot-starter-tomcat/2.6.3/spring-boot-starter-tomcat-2.6.3.jar:/home/tuvok/.m2/repository/org/apache/tomcat/embed/tomcat-embed-core/9.0.56/tomcat-embed-core-9.0.56.jar:/home/tuvok/.m2/repository/org/apache/tomcat/embed/tomcat-embed-el/9.0.56/tomcat-embed-el-9.0.56.jar:/home/tuvok/.m2/repository/org/apache/tomcat/embed/tomcat-embed-websocket/9.0.56/tomcat-embed-websocket-9.0.56.jar:/home/tuvok/.m2/repository/org/springframework/spring-web/5.3.15/spring-web-5.3.15.jar:/home/tuvok/.m2/repository/org/springframework/spring-webmvc/5.3.15/spring-webmvc-5.3.15.jar:/home/tuvok/.m2/repository/org/springframework/boot/spring-boot-starter-test/2.6.3/spring-boot-starter-test-2.6.3.jar:/home/tuvok/.m2/repository/org/springframework/boot/spring-boot-test/2.6.3/spring-boot-test-2.6.3.jar:/home/tuvok/.m2/repository/org/springframework/boot/spring-boot-test-autoconfigure/2.6.3/spring-boot-test-autoconfigure-2.6.3.jar:/home/tuvok/.m2/repository/com/jayway/jsonpath/json-path/2.6.0/json-path-2.6.0.jar:/home/tuvok/.m2/repository/net/minidev/json-smart/2.4.7/json-smart-2.4.7.jar:/home/tuvok/.m2/repository/net/minidev/accessors-smart/2.4.7/accessors-smart-2.4.7.jar:/home/tuvok/.m2/repository/org/ow2/asm/asm/9.1/asm-9.1.jar:/home/tuvok/.m2/repository/jakarta/xml/bind/jakarta.xml.bind-api/2.3.3/jakarta.xml.bind-api-2.3.3.jar:/home/tuvok/.m2/repository/jakarta/activation/jakarta.activation-api/1.2.2/jakarta.activation-api-1.2.2.jar:/home/tuvok/.m2/repository/org/assertj/assertj-core/3.21.0/assertj-core-3.21.0.jar:/home/tuvok/.m2/repository/org/hamcrest/hamcrest/2.2/hamcrest-2.2.jar:/home/tuvok/.m2/repository/org/junit/jupiter/junit-jupiter/5.8.2/junit-jupiter-5.8.2.jar:/home/tuvok/.m2/repository/org/junit/jupiter/junit-jupiter-api/5.8.2/junit-jupiter-api-5.8.2.jar:/home/tuvok/.m2/repository/org/opentest4j/opentest4j/1.2.0/opentest4j-1.2.0.jar:/home/tuvok/.m2/repository/org/junit/platform/junit-platform-commons/1.8.2/junit-platform-commons-1.8.2.jar:/home/tuvok/.m2/repository/org/apiguardian/apiguardian-api/1.1.2/apiguardian-api-1.1.2.jar:/home/tuvok/.m2/repository/org/junit/jupiter/junit-jupiter-params/5.8.2/junit-jupiter-params-5.8.2.jar:/home/tuvok/.m2/repository/org/junit/jupiter/junit-jupiter-engine/5.8.2/junit-jupiter-engine-5.8.2.jar:/home/tuvok/.m2/repository/org/junit/platform/junit-platform-engine/1.8.2/junit-platform-engine-1.8.2.jar:/home/tuvok/.m2/repository/org/mockito/mockito-core/4.0.0/mockito-core-4.0.0.jar:/home/tuvok/.m2/repository/net/bytebuddy/byte-buddy/1.11.22/byte-buddy-1.11.22.jar:/home/tuvok/.m2/repository/net/bytebuddy/byte-buddy-agent/1.11.22/byte-buddy-agent-1.11.22.jar:/home/tuvok/.m2/repository/org/objenesis/objenesis/3.2/objenesis-3.2.jar:/home/tuvok/.m2/repository/org/mockito/mockito-junit-jupiter/4.0.0/mockito-junit-jupiter-4.0.0.jar:/home/tuvok/.m2/repository/org/skyscreamer/jsonassert/1.5.0/jsonassert-1.5.0.jar:/home/tuvok/.m2/repository/com/vaadin/external/google/android-json/0.0.20131108.vaadin1/android-json-0.0.20131108.vaadin1.jar:/home/tuvok/.m2/repository/org/springframework/spring-core/5.3.15/spring-core-5.3.15.jar:/home/tuvok/.m2/repository/org/springframework/spring-jcl/5.3.15/spring-jcl-5.3.15.jar:/home/tuvok/.m2/repository/org/springframework/spring-test/5.3.15/spring-test-5.3.15.jar:/home/tuvok/.m2/repository/org/xmlunit/xmlunit-core/2.8.4/xmlunit-core-2.8.4.jar:/home/tuvok/.m2/repository/org/springframework/boot/spring-boot-starter-security/2.6.3/spring-boot-starter-security-2.6.3.jar:/home/tuvok/.m2/repository/org/springframework/spring-aop/5.3.15/spring-aop-5.3.15.jar:/home/tuvok/.m2/repository/org/springframework/security/spring-security-config/5.6.1/spring-security-config-5.6.1.jar:/home/tuvok/.m2/repository/org/springframework/security/spring-security-web/5.6.1/spring-security-web-5.6.1.jar:/home/tuvok/.m2/repository/org/springframework/security/spring-security-test/5.6.1/spring-security-test-5.6.1.jar:/home/tuvok/.m2/repository/org/springframework/security/spring-security-core/5.6.1/spring-security-core-5.6.1.jar:/home/tuvok/.m2/repository/org/springframework/security/spring-security-crypto/5.6.1/spring-security-crypto-5.6.1.jar:/home/tuvok/.m2/repository/org/apache/commons/commons-lang3/3.12.0/commons-lang3-3.12.0.jar:/home/tuvok/.m2/repository/org/apache/commons/commons-collections4/4.4/commons-collections4-4.4.jar:"/>
    <property name="sun.cpu.endian" value="little"/>
    <property name="user.home" value="/home/tuvok"/>
    <property name="user.language" value="en"/>
    <property name="java.specification.vendor" value="Oracle Corporation"/>
    <property name="java.version.date" value="2020-07-14"/>
    <property name="java.home" value="/usr/lib/jvm/java-14-oracle"/>
    <property name="file.separator" value="/"/>
    <property name="basedir" value="/home/tuvok/ogflakes"/>
    <property name="java.vm.compressedOopsMode" value="Zero based"/>
    <property name="line.separator" value="&#10;"/>
    <property name="java.vm.specification.vendor" value="Oracle Corporation"/>
    <property name="java.specification.name" value="Java Platform API Specification"/>
    <property name="surefire.real.class.path" value="/home/tuvok/ogflakes/target/surefire/surefirebooter276555412134978647.jar"/>
    <property name="sun.management.compiler" value="HotSpot 64-Bit Tiered Compilers"/>
    <property name="java.runtime.version" value="14.0.2+12-46"/>
    <property name="user.name" value="tuvok"/>
    <property name="path.separator" value=":"/>
    <property name="os.version" value="5.13.0-28-generic"/>
    <property name="java.runtime.name" value="Java(TM) SE Runtime Environment"/>
    <property name="file.encoding" value="UTF-8"/>
    <property name="java.vm.name" value="Java HotSpot(TM) 64-Bit Server VM"/>
    <property name="localRepository" value="/home/tuvok/.m2/repository"/>
    <property name="java.vendor.url.bug" value="https://bugreport.java.com/bugreport/"/>
    <property name="java.io.tmpdir" value="/tmp"/>
    <property name="java.version" value="14.0.2"/>
    <property name="user.dir" value="/home/tuvok/ogflakes"/>
    <property name="os.arch" value="amd64"/>
    <property name="java.vm.specification.name" value="Java Virtual Machine Specification"/>
    <property name="java.library.path" value="/usr/java/packages/lib:/usr/lib64:/lib64:/lib:/usr/lib"/>
    <property name="java.vm.info" value="mixed mode, sharing"/>
    <property name="java.vendor" value="Oracle Corporation"/>
    <property name="java.vm.version" value="14.0.2+12-46"/>
    <property name="sun.io.unicode.encoding" value="UnicodeLittle"/>
    <property name="java.class.version" value="58.0"/>
  </properties>
  <testcase name="contextLoads" classname="com.morris.ogflakes.OgflakesApplicationTests" time="0.356"/>
</testsuite>